# JRE version: OpenJDK Runtime Environment 18.9 (11.0.14.1+1) (build 11.0.14.1+1)
# Java VM: OpenJDK 64-Bit Server VM 18.9 (11.0.14.1+1, mixed mode, tiered, compressed oops, g1 gc, windows-amd64)
Heap:
 garbage-first heap   total 476160K, used 178176K [0x0000000080000000, 0x0000000100000000)
  region size 1024K, 5 young (5120K), 5 survivors (5120K)
 Metaspace       used 138485K, capacity 142371K, committed 142600K, reserved 641024K
  class space    used 16905K, capacity 18355K, committed 18432K, reserved 516096K
GC Heap History (20 events):
Event: 12429.160 GC heap after
{Heap after GC invocations=134 (full 0):
 garbage-first heap   total 181248K, used 149001K [0x0000000080000000, 0x0000000100000000)
  region size 1024K, 1 young (1024K), 1 survivors (1024K)
 Metaspace       used 138143K, capacity 142020K, committed 142344K, reserved 641024K
  class space    used 16858K, capacity 18305K, committed 18432K, reserved 516096K
}
Event: 12429.257 GC heap before
{Heap before GC invocations=134 (full 0):
 garbage-first heap   total 181248K, used 157193K [0x0000000080000000, 0x0000000100000000)
  region size 1024K, 9 young (9216K), 1 survivors (1024K)
 Metaspace       used 138143K, capacity 142020K, committed 142344K, reserved 641024K
  class space    used 16858K, capacity 18305K, committed 18432K, reserved 516096K
}
Event: 12429.266 GC heap after
{Heap after GC invocations=135 (full 0):
 garbage-first heap   total 181248K, used 152576K [0x0000000080000000, 0x0000000100000000)
  region size 1024K, 2 young (2048K), 2 survivors (2048K)
 Metaspace       used 138143K, capacity 142020K, committed 142344K, reserved 641024K
  class space    used 16858K, capacity 18305K, committed 18432K, reserved 516096K
}
Event: 12429.397 GC heap before
{Heap before GC invocations=135 (full 0):
 garbage-first heap   total 181248K, used 158720K [0x0000000080000000, 0x0000000100000000)
  region size 1024K, 8 young (8192K), 2 survivors (2048K)
 Metaspace       used 138143K, capacity 142020K, committed 142344K, reserved 641024K
  class space    used 16858K, capacity 18305K, committed 18432K, reserved 516096K
}
Event: 12429.407 GC heap after
{Heap after GC invocations=136 (full 0):
 garbage-first heap   total 181248K, used 155834K [0x0000000080000000, 0x0000000100000000)
  region size 1024K, 1 young (1024K), 1 survivors (1024K)
 Metaspace       used 138143K, capacity 142020K, committed 142344K, reserved 641024K
  class space    used 16858K, capacity 18305K, committed 18432K, reserved 516096K
}
Event: 12429.506 GC heap before
{Heap before GC invocations=136 (full 0):
 garbage-first heap   total 181248K, used 163002K [0x0000000080000000, 0x0000000100000000)
  region size 1024K, 8 young (8192K), 1 survivors (1024K)
 Metaspace       used 138143K, capacity 142020K, committed 142344K, reserved 641024K
  class space    used 16858K, capacity 18305K, committed 18432K, reserved 516096K
}
Event: 12429.515 GC heap after
{Heap after GC invocations=137 (full 0):
 garbage-first heap   total 181248K, used 159325K [0x0000000080000000, 0x0000000100000000)
  region size 1024K, 1 young (1024K), 1 survivors (1024K)
 Metaspace       used 138143K, capacity 142020K, committed 142344K, reserved 641024K
  class space    used 16858K, capacity 18305K, committed 18432K, reserved 516096K
}
Event: 12429.555 GC heap before
{Heap before GC invocations=137 (full 0):
 garbage-first heap   total 181248K, used 166493K [0x0000000080000000, 0x0000000100000000)
  region size 1024K, 8 young (8192K), 1 survivors (1024K)
 Metaspace       used 138143K, capacity 142020K, committed 142344K, reserved 641024K
  class space    used 16858K, capacity 18305K, committed 18432K, reserved 516096K
}
Event: 12429.563 GC heap after
{Heap after GC invocations=138 (full 0):
 garbage-first heap   total 181248K, used 162484K [0x0000000080000000, 0x0000000100000000)
  region size 1024K, 1 young (1024K), 1 survivors (1024K)
 Metaspace       used 138143K, capacity 142020K, committed 142344K, reserved 641024K
  class space    used 16858K, capacity 18305K, committed 18432K, reserved 516096K
}
Event: 12429.661 GC heap before
{Heap before GC invocations=138 (full 0):
 garbage-first heap   total 181248K, used 166580K [0x0000000080000000, 0x0000000100000000)
  region size 1024K, 8 young (8192K), 1 survivors (1024K)
 Metaspace       used 138143K, capacity 142020K, committed 142344K, reserved 641024K
  class space    used 16858K, capacity 18305K, committed 18432K, reserved 516096K
}
Event: 12429.714 GC heap after
{Heap after GC invocations=139 (full 0):
 garbage-first heap   total 181248K, used 162657K [0x0000000080000000, 0x0000000100000000)
  region size 1024K, 1 young (1024K), 1 survivors (1024K)
 Metaspace       used 138143K, capacity 142020K, committed 142344K, reserved 641024K
  class space    used 16858K, capacity 18305K, committed 18432K, reserved 516096K
}
Event: 12429.793 GC heap before
{Heap before GC invocations=139 (full 0):
 garbage-first heap   total 181248K, used 169825K [0x0000000080000000, 0x0000000100000000)
  region size 1024K, 8 young (8192K), 1 survivors (1024K)
 Metaspace       used 138143K, capacity 142020K, committed 142344K, reserved 641024K
  class space    used 16858K, capacity 18305K, committed 18432K, reserved 516096K
}
Event: 12429.809 GC heap after
{Heap after GC invocations=140 (full 0):
 garbage-first heap   total 290816K, used 165888K [0x0000000080000000, 0x0000000100000000)
  region size 1024K, 1 young (1024K), 1 survivors (1024K)
 Metaspace       used 138143K, capacity 142020K, committed 142344K, reserved 641024K
  class space    used 16858K, capacity 18305K, committed 18432K, reserved 516096K
}
Event: 12430.184 GC heap before
{Heap before GC invocations=141 (full 0):
 garbage-first heap   total 290816K, used 187392K [0x0000000080000000, 0x0000000100000000)
  region size 1024K, 22 young (22528K), 1 survivors (1024K)
 Metaspace       used 138152K, capacity 142020K, committed 142344K, reserved 641024K
  class space    used 16859K, capacity 18305K, committed 18432K, reserved 516096K
}
Event: 12430.199 GC heap after
{Heap after GC invocations=142 (full 0):
 garbage-first heap   total 290816K, used 172857K [0x0000000080000000, 0x0000000100000000)
  region size 1024K, 3 young (3072K), 3 survivors (3072K)
 Metaspace       used 138152K, capacity 142020K, committed 142344K, reserved 641024K
  class space    used 16859K, capacity 18305K, committed 18432K, reserved 516096K
}
Event: 12430.348 GC heap before
{Heap before GC invocations=142 (full 0):
 garbage-first heap   total 290816K, used 184121K [0x0000000080000000, 0x0000000100000000)
  region size 1024K, 14 young (14336K), 3 survivors (3072K)
 Metaspace       used 138156K, capacity 142021K, committed 142344K, reserved 641024K
  class space    used 16859K, capacity 18305K, committed 18432K, reserved 516096K
}
Event: 12430.365 GC heap after
{Heap after GC invocations=143 (full 0):
 garbage-first heap   total 290816K, used 166830K [0x0000000080000000, 0x0000000100000000)
  region size 1024K, 2 young (2048K), 2 survivors (2048K)
 Metaspace       used 138156K, capacity 142021K, committed 142344K, reserved 641024K
  class space    used 16859K, capacity 18305K, committed 18432K, reserved 516096K
}
Event: 12430.606 GC heap before
{Heap before GC invocations=143 (full 0):
 garbage-first heap   total 290816K, used 189358K [0x0000000080000000, 0x0000000100000000)
  region size 1024K, 25 young (25600K), 2 survivors (2048K)
 Metaspace       used 138190K, capacity 142063K, committed 142344K, reserved 641024K
  class space    used 16866K, capacity 18340K, committed 18432K, reserved 516096K
}
Event: 12430.640 GC heap after
{Heap after GC invocations=144 (full 0):
 garbage-first heap   total 290816K, used 177068K [0x0000000080000000, 0x0000000100000000)
  region size 1024K, 4 young (4096K), 4 survivors (4096K)
 Metaspace       used 138190K, capacity 142063K, committed 142344K, reserved 641024K
  class space    used 16866K, capacity 18340K, committed 18432K, reserved 516096K
}
Event: 12433.545 GC heap before
{Heap before GC invocations=145 (full 0):
 garbage-first heap   total 290816K, used 198572K [0x0000000080000000, 0x0000000100000000)
  region size 1024K, 35 young (35840K), 4 survivors (4096K)
 Metaspace       used 138485K, capacity 142371K, committed 142600K, reserved 641024K
  class space    used 16905K, capacity 18355K, committed 18432K, reserved 516096K
}

