# JRE version: OpenJDK Runtime Environment 18.9 (11.0.14.1+1) (build 11.0.14.1+1)
# Java VM: OpenJDK 64-Bit Server VM 18.9 (11.0.14.1+1, mixed mode, tiered, compressed oops, g1 gc, windows-amd64)
Heap:
 garbage-first heap   total 180224K, used 53949K [0x0000000080000000, 0x0000000100000000)
  region size 1024K, 12 young (12288K), 10 survivors (10240K)
 Metaspace       used 68865K, capacity 70963K, committed 71176K, reserved 579584K
  class space    used 8909K, capacity 9709K, committed 9728K, reserved 516096K
GC Heap History (18 events):
Event: 1.347 GC heap before
{Heap before GC invocations=0 (full 0):
 garbage-first heap   total 180224K, used 29696K [0x0000000080000000, 0x0000000100000000)
  region size 1024K, 24 young (24576K), 0 survivors (0K)
 Metaspace       used 10161K, capacity 10498K, committed 10624K, reserved 526336K
  class space    used 1041K, capacity 1138K, committed 1152K, reserved 516096K
}
Event: 1.357 GC heap after
{Heap after GC invocations=1 (full 0):
 garbage-first heap   total 180224K, used 9776K [0x0000000080000000, 0x0000000100000000)
  region size 1024K, 3 young (3072K), 3 survivors (3072K)
 Metaspace       used 10161K, capacity 10498K, committed 10624K, reserved 526336K
  class space    used 1041K, capacity 1138K, committed 1152K, reserved 516096K
}
Event: 6.876 GC heap before
{Heap before GC invocations=1 (full 0):
 garbage-first heap   total 180224K, used 101936K [0x0000000080000000, 0x0000000100000000)
  region size 1024K, 94 young (96256K), 3 survivors (3072K)
 Metaspace       used 20690K, capacity 21169K, committed 21296K, reserved 536576K
  class space    used 2478K, capacity 2659K, committed 2688K, reserved 516096K
}
Event: 6.891 GC heap after
{Heap after GC invocations=2 (full 0):
 garbage-first heap   total 180224K, used 17079K [0x0000000080000000, 0x0000000100000000)
  region size 1024K, 11 young (11264K), 11 survivors (11264K)
 Metaspace       used 20690K, capacity 21169K, committed 21296K, reserved 536576K
  class space    used 2478K, capacity 2659K, committed 2688K, reserved 516096K
}
Event: 7.633 GC heap before
{Heap before GC invocations=3 (full 0):
 garbage-first heap   total 180224K, used 42679K [0x0000000080000000, 0x0000000100000000)
  region size 1024K, 36 young (36864K), 11 survivors (11264K)
 Metaspace       used 22960K, capacity 23478K, committed 23728K, reserved 538624K
  class space    used 2848K, capacity 3004K, committed 3072K, reserved 516096K
}
Event: 7.643 GC heap after
{Heap after GC invocations=4 (full 0):
 garbage-first heap   total 180224K, used 18067K [0x0000000080000000, 0x0000000100000000)
  region size 1024K, 2 young (2048K), 2 survivors (2048K)
 Metaspace       used 22960K, capacity 23478K, committed 23728K, reserved 538624K
  class space    used 2848K, capacity 3004K, committed 3072K, reserved 516096K
}
Event: 11.086 GC heap before
{Heap before GC invocations=4 (full 0):
 garbage-first heap   total 180224K, used 104083K [0x0000000080000000, 0x0000000100000000)
  region size 1024K, 87 young (89088K), 2 survivors (2048K)
 Metaspace       used 34986K, capacity 35761K, committed 35920K, reserved 548864K
  class space    used 4441K, capacity 4768K, committed 4864K, reserved 516096K
}
Event: 11.098 GC heap after
{Heap after GC invocations=5 (full 0):
 garbage-first heap   total 180224K, used 22313K [0x0000000080000000, 0x0000000100000000)
  region size 1024K, 6 young (6144K), 6 survivors (6144K)
 Metaspace       used 34986K, capacity 35761K, committed 35920K, reserved 548864K
  class space    used 4441K, capacity 4768K, committed 4864K, reserved 516096K
}
Event: 25.485 GC heap before
{Heap before GC invocations=6 (full 0):
 garbage-first heap   total 180224K, used 126761K [0x0000000080000000, 0x0000000100000000)
  region size 1024K, 105 young (107520K), 6 survivors (6144K)
 Metaspace       used 42909K, capacity 44073K, committed 44368K, reserved 555008K
  class space    used 5312K, capacity 5768K, committed 5888K, reserved 516096K
}
Event: 25.498 GC heap after
{Heap after GC invocations=7 (full 0):
 garbage-first heap   total 180224K, used 29568K [0x0000000080000000, 0x0000000100000000)
  region size 1024K, 13 young (13312K), 13 survivors (13312K)
 Metaspace       used 42909K, capacity 44073K, committed 44368K, reserved 555008K
  class space    used 5312K, capacity 5768K, committed 5888K, reserved 516096K
}
Event: 30.277 GC heap before
{Heap before GC invocations=7 (full 0):
 garbage-first heap   total 180224K, used 122752K [0x0000000080000000, 0x0000000100000000)
  region size 1024K, 105 young (107520K), 13 survivors (13312K)
 Metaspace       used 49692K, capacity 51027K, committed 51280K, reserved 561152K
  class space    used 6334K, capacity 6852K, committed 6912K, reserved 516096K
}
Event: 30.292 GC heap after
{Heap after GC invocations=8 (full 0):
 garbage-first heap   total 180224K, used 32202K [0x0000000080000000, 0x0000000100000000)
  region size 1024K, 10 young (10240K), 10 survivors (10240K)
 Metaspace       used 49692K, capacity 51027K, committed 51280K, reserved 561152K
  class space    used 6334K, capacity 6852K, committed 6912K, reserved 516096K
}
Event: 32.817 GC heap before
{Heap before GC invocations=8 (full 0):
 garbage-first heap   total 180224K, used 133578K [0x0000000080000000, 0x0000000100000000)
  region size 1024K, 105 young (107520K), 10 survivors (10240K)
 Metaspace       used 58356K, capacity 59936K, committed 60112K, reserved 569344K
  class space    used 7547K, capacity 8200K, committed 8320K, reserved 516096K
}
Event: 32.829 GC heap after
{Heap after GC invocations=9 (full 0):
 garbage-first heap   total 180224K, used 42177K [0x0000000080000000, 0x0000000100000000)
  region size 1024K, 9 young (9216K), 9 survivors (9216K)
 Metaspace       used 58356K, capacity 59936K, committed 60112K, reserved 569344K
  class space    used 7547K, capacity 8200K, committed 8320K, reserved 516096K
}
Event: 32.849 GC heap before
{Heap before GC invocations=9 (full 0):
 garbage-first heap   total 180224K, used 43201K [0x0000000080000000, 0x0000000100000000)
  region size 1024K, 11 young (11264K), 9 survivors (9216K)
 Metaspace       used 58497K, capacity 60096K, committed 60296K, reserved 569344K
  class space    used 7557K, capacity 8232K, committed 8320K, reserved 516096K
}
Event: 32.858 GC heap after
{Heap after GC invocations=10 (full 0):
 garbage-first heap   total 180224K, used 42825K [0x0000000080000000, 0x0000000100000000)
  region size 1024K, 7 young (7168K), 7 survivors (7168K)
 Metaspace       used 58497K, capacity 60096K, committed 60296K, reserved 569344K
  class space    used 7557K, capacity 8232K, committed 8320K, reserved 516096K
}
Event: 34.518 GC heap before
{Heap before GC invocations=11 (full 0):
 garbage-first heap   total 180224K, used 125769K [0x0000000080000000, 0x0000000100000000)
  region size 1024K, 88 young (90112K), 7 survivors (7168K)
 Metaspace       used 63814K, capacity 65656K, committed 65928K, reserved 573440K
  class space    used 8271K, capacity 9029K, committed 9088K, reserved 516096K
}
Event: 34.528 GC heap after
{Heap after GC invocations=12 (full 0):
 garbage-first heap   total 180224K, used 45830K [0x0000000080000000, 0x0000000100000000)
  region size 1024K, 10 young (10240K), 10 survivors (10240K)
 Metaspace       used 63814K, capacity 65656K, committed 65928K, reserved 573440K
  class space    used 8271K, capacity 9029K, committed 9088K, reserved 516096K
}

