# JRE version: OpenJDK Runtime Environment 18.9 (11.0.14.1+1) (build 11.0.14.1+1)
# Java VM: OpenJDK 64-Bit Server VM 18.9 (11.0.14.1+1, mixed mode, tiered, compressed oops, g1 gc, windows-amd64)
Heap:
 garbage-first heap   total 399360K, used 225496K [0x0000000080000000, 0x0000000100000000)
  region size 1024K, 3 young (3072K), 3 survivors (3072K)
 Metaspace       used 146131K, capacity 150240K, committed 150408K, reserved 647168K
  class space    used 18443K, capacity 20025K, committed 20096K, reserved 516096K
GC Heap History (20 events):
Event: 85.765 GC heap after
{Heap after GC invocations=68 (full 0):
 garbage-first heap   total 217088K, used 151779K [0x0000000080000000, 0x0000000100000000)
  region size 1024K, 7 young (7168K), 7 survivors (7168K)
 Metaspace       used 134647K, capacity 138300K, committed 138504K, reserved 636928K
  class space    used 16717K, capacity 18112K, committed 18176K, reserved 516096K
}
Event: 86.202 GC heap before
{Heap before GC invocations=68 (full 0):
 garbage-first heap   total 217088K, used 191715K [0x0000000080000000, 0x0000000100000000)
  region size 1024K, 39 young (39936K), 7 survivors (7168K)
 Metaspace       used 137308K, capacity 141018K, committed 141192K, reserved 638976K
  class space    used 17070K, capacity 18480K, committed 18560K, reserved 516096K
}
Event: 86.211 GC heap after
{Heap after GC invocations=69 (full 0):
 garbage-first heap   total 217088K, used 160703K [0x0000000080000000, 0x0000000100000000)
  region size 1024K, 5 young (5120K), 5 survivors (5120K)
 Metaspace       used 137308K, capacity 141018K, committed 141192K, reserved 638976K
  class space    used 17070K, capacity 18480K, committed 18560K, reserved 516096K
}
Event: 86.559 GC heap before
{Heap before GC invocations=69 (full 0):
 garbage-first heap   total 217088K, used 190399K [0x0000000080000000, 0x0000000100000000)
  region size 1024K, 29 young (29696K), 5 survivors (5120K)
 Metaspace       used 138713K, capacity 142511K, committed 142728K, reserved 641024K
  class space    used 17266K, capacity 18701K, committed 18816K, reserved 516096K
}
Event: 86.614 GC heap after
{Heap after GC invocations=70 (full 0):
 garbage-first heap   total 217088K, used 171698K [0x0000000080000000, 0x0000000100000000)
  region size 1024K, 4 young (4096K), 4 survivors (4096K)
 Metaspace       used 138713K, capacity 142511K, committed 142728K, reserved 641024K
  class space    used 17266K, capacity 18701K, committed 18816K, reserved 516096K
}
Event: 86.713 GC heap before
{Heap before GC invocations=70 (full 0):
 garbage-first heap   total 217088K, used 187058K [0x0000000080000000, 0x0000000100000000)
  region size 1024K, 18 young (18432K), 4 survivors (4096K)
 Metaspace       used 138894K, capacity 142642K, committed 142984K, reserved 641024K
  class space    used 17271K, capacity 18702K, committed 18816K, reserved 516096K
}
Event: 86.732 GC heap after
{Heap after GC invocations=71 (full 0):
 garbage-first heap   total 217088K, used 179200K [0x0000000080000000, 0x0000000100000000)
  region size 1024K, 3 young (3072K), 3 survivors (3072K)
 Metaspace       used 138894K, capacity 142642K, committed 142984K, reserved 641024K
  class space    used 17271K, capacity 18702K, committed 18816K, reserved 516096K
}
Event: 86.822 GC heap before
{Heap before GC invocations=71 (full 0):
 garbage-first heap   total 217088K, used 187392K [0x0000000080000000, 0x0000000100000000)
  region size 1024K, 12 young (12288K), 3 survivors (3072K)
 Metaspace       used 139038K, capacity 142793K, committed 142984K, reserved 641024K
  class space    used 17290K, capacity 18710K, committed 18816K, reserved 516096K
}
Event: 86.836 GC heap after
{Heap after GC invocations=72 (full 0):
 garbage-first heap   total 217088K, used 182230K [0x0000000080000000, 0x0000000100000000)
  region size 1024K, 2 young (2048K), 2 survivors (2048K)
 Metaspace       used 139038K, capacity 142793K, committed 142984K, reserved 641024K
  class space    used 17290K, capacity 18710K, committed 18816K, reserved 516096K
}
Event: 86.928 GC heap before
{Heap before GC invocations=72 (full 0):
 garbage-first heap   total 217088K, used 190422K [0x0000000080000000, 0x0000000100000000)
  region size 1024K, 10 young (10240K), 2 survivors (2048K)
 Metaspace       used 139321K, capacity 143069K, committed 143240K, reserved 641024K
  class space    used 17330K, capacity 18759K, committed 18816K, reserved 516096K
}
Event: 86.938 GC heap after
{Heap after GC invocations=73 (full 0):
 garbage-first heap   total 217088K, used 184887K [0x0000000080000000, 0x0000000100000000)
  region size 1024K, 2 young (2048K), 2 survivors (2048K)
 Metaspace       used 139321K, capacity 143069K, committed 143240K, reserved 641024K
  class space    used 17330K, capacity 18759K, committed 18816K, reserved 516096K
}
Event: 87.056 GC heap before
{Heap before GC invocations=73 (full 0):
 garbage-first heap   total 217088K, used 193079K [0x0000000080000000, 0x0000000100000000)
  region size 1024K, 10 young (10240K), 2 survivors (2048K)
 Metaspace       used 139724K, capacity 143459K, committed 143624K, reserved 641024K
  class space    used 17392K, capacity 18825K, committed 18944K, reserved 516096K
}
Event: 87.069 GC heap after
{Heap after GC invocations=74 (full 0):
 garbage-first heap   total 277504K, used 188416K [0x0000000080000000, 0x0000000100000000)
  region size 1024K, 2 young (2048K), 2 survivors (2048K)
 Metaspace       used 139724K, capacity 143459K, committed 143624K, reserved 641024K
  class space    used 17392K, capacity 18825K, committed 18944K, reserved 516096K
}
Event: 87.972 GC heap before
{Heap before GC invocations=75 (full 0):
 garbage-first heap   total 277504K, used 223232K [0x0000000080000000, 0x0000000100000000)
  region size 1024K, 36 young (36864K), 2 survivors (2048K)
 Metaspace       used 144320K, capacity 148196K, committed 148360K, reserved 645120K
  class space    used 18238K, capacity 19752K, committed 19840K, reserved 516096K
}
Event: 87.992 GC heap after
{Heap after GC invocations=76 (full 0):
 garbage-first heap   total 277504K, used 197543K [0x0000000080000000, 0x0000000100000000)
  region size 1024K, 5 young (5120K), 5 survivors (5120K)
 Metaspace       used 144320K, capacity 148196K, committed 148360K, reserved 645120K
  class space    used 18238K, capacity 19752K, committed 19840K, reserved 516096K
}
Event: 88.261 GC heap before
{Heap before GC invocations=76 (full 0):
 garbage-first heap   total 277504K, used 228263K [0x0000000080000000, 0x0000000100000000)
  region size 1024K, 35 young (35840K), 5 survivors (5120K)
 Metaspace       used 144786K, capacity 148696K, committed 148872K, reserved 647168K
  class space    used 18281K, capacity 19809K, committed 19840K, reserved 516096K
}
Event: 88.286 GC heap after
{Heap after GC invocations=77 (full 0):
 garbage-first heap   total 277504K, used 210216K [0x0000000080000000, 0x0000000100000000)
  region size 1024K, 5 young (5120K), 5 survivors (5120K)
 Metaspace       used 144786K, capacity 148696K, committed 148872K, reserved 647168K
  class space    used 18281K, capacity 19809K, committed 19840K, reserved 516096K
}
Event: 88.639 GC heap before
{Heap before GC invocations=77 (full 0):
 garbage-first heap   total 277504K, used 230696K [0x0000000080000000, 0x0000000100000000)
  region size 1024K, 25 young (25600K), 5 survivors (5120K)
 Metaspace       used 145749K, capacity 149765K, committed 150024K, reserved 647168K
  class space    used 18386K, capacity 19952K, committed 19968K, reserved 516096K
}
Event: 88.658 GC heap after
{Heap after GC invocations=78 (full 0):
 garbage-first heap   total 277504K, used 218112K [0x0000000080000000, 0x0000000100000000)
  region size 1024K, 4 young (4096K), 4 survivors (4096K)
 Metaspace       used 145749K, capacity 149765K, committed 150024K, reserved 647168K
  class space    used 18386K, capacity 19952K, committed 19968K, reserved 516096K
}
Event: 88.928 GC heap before
{Heap before GC invocations=78 (full 0):
 garbage-first heap   total 277504K, used 232448K [0x0000000080000000, 0x0000000100000000)
  region size 1024K, 19 young (19456K), 4 survivors (4096K)
 Metaspace       used 146131K, capacity 150240K, committed 150408K, reserved 647168K
  class space    used 18443K, capacity 20025K, committed 20096K, reserved 516096K
}

